Arguments: 
  C:\Program Files\nodejs\node.exe C:\Users\YONSAI\AppData\Roaming\npm\node_modules\yarn\bin\yarn.js add -D parcel vercel

PATH: 
  C:\Users\YONSAI\bin;C:\Program Files\Git\mingw64\bin;C:\Program Files\Git\usr\local\bin;C:\Program Files\Git\usr\bin;C:\Program Files\Git\usr\bin;C:\Program Files\Git\mingw64\bin;C:\Program Files\Git\usr\bin;C:\Users\YONSAI\bin;C:\Windows\system32;C:\Windows;C:\Windows\System32\Wbem;C:\Windows\System32\WindowsPowerShell\v1.0;C:\Windows\System32\OpenSSH;C:\Program Files\Git\cmd;C:\Program Files\Meld;C:\Program Files\nodejs;C:\Program Files\MySQL\MySQL Server 5.7\bin;C:\Program Files\MySQL\MySQL Shell 8.0\bin;C:\Users\YONSAI\AppData\Local\Microsoft\WindowsApps;C:\Users\YONSAI\AppData\Local\Programs\Microsoft VS Code\bin;C:\Users\YONSAI\AppData\Local\GitHubDesktop\bin;C:\Users\YONSAI\AppData\Roaming\npm;C:\Program Files\Git\usr\bin\vendor_perl;C:\Program Files\Git\usr\bin\core_perl

Yarn version: 
  1.22.19

Node version: 
  18.17.1

Platform: 
  win32 x64

Trace: 
  Error: EPERM: operation not permitted, unlink 'D:\박새힘\박새힘\portfolio\3rd\project_3_team\node_modules\@lmdb\lmdb-win32-x64\node.abi108.node'

npm manifest: 
  {
    "name": "project_3_team",
    "version": "1.0.0",
    "description": ":raised_hands:안녕하세요! **걸어서 호주 속**으로 팀입니다.  \r 이 프로젝트는 <u>'여행 사이트' 제작</u>을 목표로, 3명의 팀원이 함께 제작한 프로젝트로<br/>\r 총 3개의 페이지로 이루어져 있으며, 팀원 한 명당 한 페이지를 담당했습니다.\r <br/>",
    "scripts": {
      "dev": "parcel ./index.html",
      "build": "parcel build ./index.html",
      "vercel": "vercel dev"
    },
    "keywords": [],
    "author": "",
    "license": "ISC",
    "devDependencies": {
      "parcel": "^2.10.1",
      "vercel": "^32.5.0"
    },
    "dependencies": {
      "node-fetch": "^2.7.0"
    }
  }

yarn manifest: 
  No manifest

Lockfile: 
  No lockfile
